<?xml version="1.0" encoding="UTF-8"?>
<testng-results skipped="0" failed="3" ignored="0" total="10" passed="7">
  <reporter-output>
  </reporter-output>
  <suite name="com.consumercredits.dod.TestNG_DoDTestSuite" duration-ms="95133" started-at="2019-09-14T20:54:49Z" finished-at="2019-09-14T20:56:25Z">
    <groups>
    </groups>
    <test name="Command line test" duration-ms="95133" started-at="2019-09-14T20:54:49Z" finished-at="2019-09-14T20:56:25Z">
      <class name="com.consumercredits.dod.TestNG_DoDTestSuite">
        <test-method status="PASS" signature="beforeTest()[pri:0, instance:com.consumercredits.dod.TestNG_DoDTestSuite@26ba2a48]" name="beforeTest" is-config="true" duration-ms="35514" started-at="2019-09-14T20:54:49Z" finished-at="2019-09-14T20:55:25Z">
          <reporter-output>
          </reporter-output>
        </test-method> <!-- beforeTest -->
        <test-method status="PASS" signature="beforeMethod()[pri:0, instance:com.consumercredits.dod.TestNG_DoDTestSuite@26ba2a48]" name="beforeMethod" is-config="true" duration-ms="2393" started-at="2019-09-14T20:55:25Z" finished-at="2019-09-14T20:55:27Z">
          <reporter-output>
          </reporter-output>
        </test-method> <!-- beforeMethod -->
        <test-method status="FAIL" signature="languageChangeCheck()[pri:0, instance:com.consumercredits.dod.TestNG_DoDTestSuite@26ba2a48]" name="languageChangeCheck" duration-ms="280" started-at="2019-09-14T20:55:27Z" finished-at="2019-09-14T20:55:28Z">
          <exception class="org.openqa.selenium.NoSuchElementException">
            <message>
              <![CDATA[Unable to locate element: h2
For documentation on this error, please visit: https://www.seleniumhq.org/exceptions/no_such_element.html
Build info: version: '3.141.59', revision: 'e82be7d358', time: '2018-11-14T08:17:03'
System info: host: 'NLLH4000520205', ip: '10.121.233.45', os.name: 'Windows 10', os.arch: 'amd64', os.version: '10.0', java.version: '1.8.0_221'
Driver info: org.openqa.selenium.firefox.FirefoxDriver
Capabilities {acceptInsecureCerts: true, browserName: firefox, browserVersion: 69.0, javascriptEnabled: true, moz:accessibilityChecks: false, moz:buildID: 20190827005903, moz:geckodriverVersion: 0.24.0, moz:headless: false, moz:processID: 90148, moz:profile: C:\Users\C25713\AppData\Loc..., moz:shutdownTimeout: 60000, moz:useNonSpecCompliantPointerOrigin: false, moz:webdriverClick: true, pageLoadStrategy: normal, platform: WINDOWS, platformName: WINDOWS, platformVersion: 10.0, rotatable: false, setWindowRect: true, strictFileInteractability: false, timeouts: {implicit: 0, pageLoad: 300000, script: 30000}, unhandledPromptBehavior: dismiss and notify}
Session ID: 1aa8d286-9473-4f4c-b0c6-14d08ccdd1eb
*** Element info: {Using=tag name, value=h2}]]>
            </message>
            <full-stacktrace>
              <![CDATA[org.openqa.selenium.NoSuchElementException: Unable to locate element: h2
For documentation on this error, please visit: https://www.seleniumhq.org/exceptions/no_such_element.html
Build info: version: '3.141.59', revision: 'e82be7d358', time: '2018-11-14T08:17:03'
System info: host: 'NLLH4000520205', ip: '10.121.233.45', os.name: 'Windows 10', os.arch: 'amd64', os.version: '10.0', java.version: '1.8.0_221'
Driver info: org.openqa.selenium.firefox.FirefoxDriver
Capabilities {acceptInsecureCerts: true, browserName: firefox, browserVersion: 69.0, javascriptEnabled: true, moz:accessibilityChecks: false, moz:buildID: 20190827005903, moz:geckodriverVersion: 0.24.0, moz:headless: false, moz:processID: 90148, moz:profile: C:\Users\C25713\AppData\Loc..., moz:shutdownTimeout: 60000, moz:useNonSpecCompliantPointerOrigin: false, moz:webdriverClick: true, pageLoadStrategy: normal, platform: WINDOWS, platformName: WINDOWS, platformVersion: 10.0, rotatable: false, setWindowRect: true, strictFileInteractability: false, timeouts: {implicit: 0, pageLoad: 300000, script: 30000}, unhandledPromptBehavior: dismiss and notify}
Session ID: 1aa8d286-9473-4f4c-b0c6-14d08ccdd1eb
*** Element info: {Using=tag name, value=h2}
at sun.reflect.NativeConstructorAccessorImpl.newInstance0(Native Method)
at sun.reflect.NativeConstructorAccessorImpl.newInstance(NativeConstructorAccessorImpl.java:62)
at sun.reflect.DelegatingConstructorAccessorImpl.newInstance(DelegatingConstructorAccessorImpl.java:45)
at java.lang.reflect.Constructor.newInstance(Constructor.java:423)
at org.openqa.selenium.remote.http.W3CHttpResponseCodec.createException(W3CHttpResponseCodec.java:187)
at org.openqa.selenium.remote.http.W3CHttpResponseCodec.decode(W3CHttpResponseCodec.java:122)
at org.openqa.selenium.remote.http.W3CHttpResponseCodec.decode(W3CHttpResponseCodec.java:49)
at org.openqa.selenium.remote.HttpCommandExecutor.execute(HttpCommandExecutor.java:158)
at org.openqa.selenium.remote.service.DriverCommandExecutor.execute(DriverCommandExecutor.java:83)
at org.openqa.selenium.remote.RemoteWebDriver.execute(RemoteWebDriver.java:552)
at org.openqa.selenium.remote.RemoteWebDriver.findElement(RemoteWebDriver.java:323)
at org.openqa.selenium.remote.RemoteWebDriver.findElementByTagName(RemoteWebDriver.java:396)
at org.openqa.selenium.By$ByTagName.findElement(By.java:320)
at org.openqa.selenium.remote.RemoteWebDriver.findElement(RemoteWebDriver.java:315)
at com.consumercredits.dod.TestNG_DoDTestSuite.languageChangeCheck(TestNG_DoDTestSuite.java:134)
at sun.reflect.NativeMethodAccessorImpl.invoke0(Native Method)
at sun.reflect.NativeMethodAccessorImpl.invoke(NativeMethodAccessorImpl.java:62)
at sun.reflect.DelegatingMethodAccessorImpl.invoke(DelegatingMethodAccessorImpl.java:43)
at java.lang.reflect.Method.invoke(Method.java:498)
at org.testng.internal.MethodInvocationHelper.invokeMethod(MethodInvocationHelper.java:124)
at org.testng.internal.Invoker.invokeMethod(Invoker.java:583)
at org.testng.internal.Invoker.invokeTestMethod(Invoker.java:719)
at org.testng.internal.Invoker.invokeTestMethods(Invoker.java:989)
at org.testng.internal.TestMethodWorker.invokeTestMethods(TestMethodWorker.java:125)
at org.testng.internal.TestMethodWorker.run(TestMethodWorker.java:109)
at org.testng.TestRunner.privateRun(TestRunner.java:648)
at org.testng.TestRunner.run(TestRunner.java:505)
at org.testng.SuiteRunner.runTest(SuiteRunner.java:455)
at org.testng.SuiteRunner.runSequentially(SuiteRunner.java:450)
at org.testng.SuiteRunner.privateRun(SuiteRunner.java:415)
at org.testng.SuiteRunner.run(SuiteRunner.java:364)
at org.testng.SuiteRunnerWorker.runSuite(SuiteRunnerWorker.java:52)
at org.testng.SuiteRunnerWorker.run(SuiteRunnerWorker.java:84)
at org.testng.TestNG.runSuitesSequentially(TestNG.java:1208)
at org.testng.TestNG.runSuitesLocally(TestNG.java:1137)
at org.testng.TestNG.runSuites(TestNG.java:1049)
at org.testng.TestNG.run(TestNG.java:1017)
at org.apache.maven.surefire.testng.TestNGExecutor.run(TestNGExecutor.java:77)
at org.apache.maven.surefire.testng.TestNGDirectoryTestSuite.execute(TestNGDirectoryTestSuite.java:110)
at org.apache.maven.surefire.testng.TestNGProvider.invoke(TestNGProvider.java:106)
at sun.reflect.NativeMethodAccessorImpl.invoke0(Native Method)
at sun.reflect.NativeMethodAccessorImpl.invoke(NativeMethodAccessorImpl.java:62)
at sun.reflect.DelegatingMethodAccessorImpl.invoke(DelegatingMethodAccessorImpl.java:43)
at java.lang.reflect.Method.invoke(Method.java:498)
at org.apache.maven.surefire.util.ReflectionUtils.invokeMethodWithArray(ReflectionUtils.java:189)
at org.apache.maven.surefire.booter.ProviderFactory$ProviderProxy.invoke(ProviderFactory.java:165)
at org.apache.maven.surefire.booter.ProviderFactory.invokeProvider(ProviderFactory.java:85)
at org.apache.maven.surefire.booter.ForkedBooter.runSuitesInProcess(ForkedBooter.java:115)
at org.apache.maven.surefire.booter.ForkedBooter.main(ForkedBooter.java:75)
]]>
            </full-stacktrace>
          </exception> <!-- org.openqa.selenium.NoSuchElementException -->
          <reporter-output>
          </reporter-output>
        </test-method> <!-- languageChangeCheck -->
        <test-method status="PASS" signature="tearDown(org.testng.ITestResult)[pri:0, instance:com.consumercredits.dod.TestNG_DoDTestSuite@26ba2a48]" name="tearDown" is-config="true" duration-ms="1084" started-at="2019-09-14T20:55:28Z" finished-at="2019-09-14T20:55:29Z">
          <params>
            <param index="0">
              <value>
                <![CDATA[[TestResult name=languageChangeCheck status=FAILURE method=TestNG_DoDTestSuite.languageChangeCheck()[pri:0, instance:com.consumercredits.dod.TestNG_DoDTestSuite@26ba2a48] output={null}]]]>
              </value>
            </param>
          </params>
          <reporter-output>
          </reporter-output>
        </test-method> <!-- tearDown -->
        <test-method status="PASS" signature="beforeMethod()[pri:0, instance:com.consumercredits.dod.TestNG_DoDTestSuite@26ba2a48]" name="beforeMethod" is-config="true" duration-ms="130" started-at="2019-09-14T20:55:29Z" finished-at="2019-09-14T20:55:29Z">
          <reporter-output>
          </reporter-output>
        </test-method> <!-- beforeMethod -->
        <test-method status="FAIL" signature="boReachCheck()[pri:1, instance:com.consumercredits.dod.TestNG_DoDTestSuite@26ba2a48]" name="boReachCheck" duration-ms="25" started-at="2019-09-14T20:55:29Z" finished-at="2019-09-14T20:55:29Z">
          <exception class="org.openqa.selenium.NoSuchElementException">
            <message>
              <![CDATA[Unable to locate element: #accountNumber
For documentation on this error, please visit: https://www.seleniumhq.org/exceptions/no_such_element.html
Build info: version: '3.141.59', revision: 'e82be7d358', time: '2018-11-14T08:17:03'
System info: host: 'NLLH4000520205', ip: '10.121.233.45', os.name: 'Windows 10', os.arch: 'amd64', os.version: '10.0', java.version: '1.8.0_221'
Driver info: org.openqa.selenium.firefox.FirefoxDriver
Capabilities {acceptInsecureCerts: true, browserName: firefox, browserVersion: 69.0, javascriptEnabled: true, moz:accessibilityChecks: false, moz:buildID: 20190827005903, moz:geckodriverVersion: 0.24.0, moz:headless: false, moz:processID: 90148, moz:profile: C:\Users\C25713\AppData\Loc..., moz:shutdownTimeout: 60000, moz:useNonSpecCompliantPointerOrigin: false, moz:webdriverClick: true, pageLoadStrategy: normal, platform: WINDOWS, platformName: WINDOWS, platformVersion: 10.0, rotatable: false, setWindowRect: true, strictFileInteractability: false, timeouts: {implicit: 0, pageLoad: 300000, script: 30000}, unhandledPromptBehavior: dismiss and notify}
Session ID: 1aa8d286-9473-4f4c-b0c6-14d08ccdd1eb
*** Element info: {Using=id, value=accountNumber}]]>
            </message>
            <full-stacktrace>
              <![CDATA[org.openqa.selenium.NoSuchElementException: Unable to locate element: #accountNumber
For documentation on this error, please visit: https://www.seleniumhq.org/exceptions/no_such_element.html
Build info: version: '3.141.59', revision: 'e82be7d358', time: '2018-11-14T08:17:03'
System info: host: 'NLLH4000520205', ip: '10.121.233.45', os.name: 'Windows 10', os.arch: 'amd64', os.version: '10.0', java.version: '1.8.0_221'
Driver info: org.openqa.selenium.firefox.FirefoxDriver
Capabilities {acceptInsecureCerts: true, browserName: firefox, browserVersion: 69.0, javascriptEnabled: true, moz:accessibilityChecks: false, moz:buildID: 20190827005903, moz:geckodriverVersion: 0.24.0, moz:headless: false, moz:processID: 90148, moz:profile: C:\Users\C25713\AppData\Loc..., moz:shutdownTimeout: 60000, moz:useNonSpecCompliantPointerOrigin: false, moz:webdriverClick: true, pageLoadStrategy: normal, platform: WINDOWS, platformName: WINDOWS, platformVersion: 10.0, rotatable: false, setWindowRect: true, strictFileInteractability: false, timeouts: {implicit: 0, pageLoad: 300000, script: 30000}, unhandledPromptBehavior: dismiss and notify}
Session ID: 1aa8d286-9473-4f4c-b0c6-14d08ccdd1eb
*** Element info: {Using=id, value=accountNumber}
at sun.reflect.NativeConstructorAccessorImpl.newInstance0(Native Method)
at sun.reflect.NativeConstructorAccessorImpl.newInstance(NativeConstructorAccessorImpl.java:62)
at sun.reflect.DelegatingConstructorAccessorImpl.newInstance(DelegatingConstructorAccessorImpl.java:45)
at java.lang.reflect.Constructor.newInstance(Constructor.java:423)
at org.openqa.selenium.remote.http.W3CHttpResponseCodec.createException(W3CHttpResponseCodec.java:187)
at org.openqa.selenium.remote.http.W3CHttpResponseCodec.decode(W3CHttpResponseCodec.java:122)
at org.openqa.selenium.remote.http.W3CHttpResponseCodec.decode(W3CHttpResponseCodec.java:49)
at org.openqa.selenium.remote.HttpCommandExecutor.execute(HttpCommandExecutor.java:158)
at org.openqa.selenium.remote.service.DriverCommandExecutor.execute(DriverCommandExecutor.java:83)
at org.openqa.selenium.remote.RemoteWebDriver.execute(RemoteWebDriver.java:552)
at org.openqa.selenium.remote.RemoteWebDriver.findElement(RemoteWebDriver.java:323)
at org.openqa.selenium.remote.RemoteWebDriver.findElementById(RemoteWebDriver.java:372)
at org.openqa.selenium.By$ById.findElement(By.java:188)
at org.openqa.selenium.remote.RemoteWebDriver.findElement(RemoteWebDriver.java:315)
at com.consumercredits.dod.TestNG_DoDTestSuite.boReachCheck(TestNG_DoDTestSuite.java:159)
at sun.reflect.NativeMethodAccessorImpl.invoke0(Native Method)
at sun.reflect.NativeMethodAccessorImpl.invoke(NativeMethodAccessorImpl.java:62)
at sun.reflect.DelegatingMethodAccessorImpl.invoke(DelegatingMethodAccessorImpl.java:43)
at java.lang.reflect.Method.invoke(Method.java:498)
at org.testng.internal.MethodInvocationHelper.invokeMethod(MethodInvocationHelper.java:124)
at org.testng.internal.Invoker.invokeMethod(Invoker.java:583)
at org.testng.internal.Invoker.invokeTestMethod(Invoker.java:719)
at org.testng.internal.Invoker.invokeTestMethods(Invoker.java:989)
at org.testng.internal.TestMethodWorker.invokeTestMethods(TestMethodWorker.java:125)
at org.testng.internal.TestMethodWorker.run(TestMethodWorker.java:109)
at org.testng.TestRunner.privateRun(TestRunner.java:648)
at org.testng.TestRunner.run(TestRunner.java:505)
at org.testng.SuiteRunner.runTest(SuiteRunner.java:455)
at org.testng.SuiteRunner.runSequentially(SuiteRunner.java:450)
at org.testng.SuiteRunner.privateRun(SuiteRunner.java:415)
at org.testng.SuiteRunner.run(SuiteRunner.java:364)
at org.testng.SuiteRunnerWorker.runSuite(SuiteRunnerWorker.java:52)
at org.testng.SuiteRunnerWorker.run(SuiteRunnerWorker.java:84)
at org.testng.TestNG.runSuitesSequentially(TestNG.java:1208)
at org.testng.TestNG.runSuitesLocally(TestNG.java:1137)
at org.testng.TestNG.runSuites(TestNG.java:1049)
at org.testng.TestNG.run(TestNG.java:1017)
at org.apache.maven.surefire.testng.TestNGExecutor.run(TestNGExecutor.java:77)
at org.apache.maven.surefire.testng.TestNGDirectoryTestSuite.execute(TestNGDirectoryTestSuite.java:110)
at org.apache.maven.surefire.testng.TestNGProvider.invoke(TestNGProvider.java:106)
at sun.reflect.NativeMethodAccessorImpl.invoke0(Native Method)
at sun.reflect.NativeMethodAccessorImpl.invoke(NativeMethodAccessorImpl.java:62)
at sun.reflect.DelegatingMethodAccessorImpl.invoke(DelegatingMethodAccessorImpl.java:43)
at java.lang.reflect.Method.invoke(Method.java:498)
at org.apache.maven.surefire.util.ReflectionUtils.invokeMethodWithArray(ReflectionUtils.java:189)
at org.apache.maven.surefire.booter.ProviderFactory$ProviderProxy.invoke(ProviderFactory.java:165)
at org.apache.maven.surefire.booter.ProviderFactory.invokeProvider(ProviderFactory.java:85)
at org.apache.maven.surefire.booter.ForkedBooter.runSuitesInProcess(ForkedBooter.java:115)
at org.apache.maven.surefire.booter.ForkedBooter.main(ForkedBooter.java:75)
]]>
            </full-stacktrace>
          </exception> <!-- org.openqa.selenium.NoSuchElementException -->
          <reporter-output>
          </reporter-output>
        </test-method> <!-- boReachCheck -->
        <test-method status="PASS" signature="tearDown(org.testng.ITestResult)[pri:0, instance:com.consumercredits.dod.TestNG_DoDTestSuite@26ba2a48]" name="tearDown" is-config="true" duration-ms="1049" started-at="2019-09-14T20:55:29Z" finished-at="2019-09-14T20:55:30Z">
          <params>
            <param index="0">
              <value>
                <![CDATA[[TestResult name=boReachCheck status=FAILURE method=TestNG_DoDTestSuite.boReachCheck()[pri:1, instance:com.consumercredits.dod.TestNG_DoDTestSuite@26ba2a48] output={null}]]]>
              </value>
            </param>
          </params>
          <reporter-output>
          </reporter-output>
        </test-method> <!-- tearDown -->
        <test-method status="PASS" signature="beforeMethod()[pri:0, instance:com.consumercredits.dod.TestNG_DoDTestSuite@26ba2a48]" name="beforeMethod" is-config="true" duration-ms="36" started-at="2019-09-14T20:55:30Z" finished-at="2019-09-14T20:55:30Z">
          <reporter-output>
          </reporter-output>
        </test-method> <!-- beforeMethod -->
        <test-method status="FAIL" signature="successSearch()[pri:2, instance:com.consumercredits.dod.TestNG_DoDTestSuite@26ba2a48]" name="successSearch" duration-ms="20190" started-at="2019-09-14T20:55:30Z" finished-at="2019-09-14T20:55:50Z">
          <exception class="org.openqa.selenium.NoSuchElementException">
            <message>
              <![CDATA[Unable to locate element: .//span[@class = 'ng-binding ng-scope' and contains(text(), 'Legal problems') ]
For documentation on this error, please visit: https://www.seleniumhq.org/exceptions/no_such_element.html
Build info: version: '3.141.59', revision: 'e82be7d358', time: '2018-11-14T08:17:03'
System info: host: 'NLLH4000520205', ip: '10.121.233.45', os.name: 'Windows 10', os.arch: 'amd64', os.version: '10.0', java.version: '1.8.0_221'
Driver info: org.openqa.selenium.firefox.FirefoxDriver
Capabilities {acceptInsecureCerts: true, browserName: firefox, browserVersion: 69.0, javascriptEnabled: true, moz:accessibilityChecks: false, moz:buildID: 20190827005903, moz:geckodriverVersion: 0.24.0, moz:headless: false, moz:processID: 90148, moz:profile: C:\Users\C25713\AppData\Loc..., moz:shutdownTimeout: 60000, moz:useNonSpecCompliantPointerOrigin: false, moz:webdriverClick: true, pageLoadStrategy: normal, platform: WINDOWS, platformName: WINDOWS, platformVersion: 10.0, rotatable: false, setWindowRect: true, strictFileInteractability: false, timeouts: {implicit: 0, pageLoad: 300000, script: 30000}, unhandledPromptBehavior: dismiss and notify}
Session ID: 1aa8d286-9473-4f4c-b0c6-14d08ccdd1eb
*** Element info: {Using=xpath, value=.//span[@class = 'ng-binding ng-scope' and contains(text(), 'Legal problems') ]}]]>
            </message>
            <full-stacktrace>
              <![CDATA[org.openqa.selenium.NoSuchElementException: Unable to locate element: .//span[@class = 'ng-binding ng-scope' and contains(text(), 'Legal problems') ]
For documentation on this error, please visit: https://www.seleniumhq.org/exceptions/no_such_element.html
Build info: version: '3.141.59', revision: 'e82be7d358', time: '2018-11-14T08:17:03'
System info: host: 'NLLH4000520205', ip: '10.121.233.45', os.name: 'Windows 10', os.arch: 'amd64', os.version: '10.0', java.version: '1.8.0_221'
Driver info: org.openqa.selenium.firefox.FirefoxDriver
Capabilities {acceptInsecureCerts: true, browserName: firefox, browserVersion: 69.0, javascriptEnabled: true, moz:accessibilityChecks: false, moz:buildID: 20190827005903, moz:geckodriverVersion: 0.24.0, moz:headless: false, moz:processID: 90148, moz:profile: C:\Users\C25713\AppData\Loc..., moz:shutdownTimeout: 60000, moz:useNonSpecCompliantPointerOrigin: false, moz:webdriverClick: true, pageLoadStrategy: normal, platform: WINDOWS, platformName: WINDOWS, platformVersion: 10.0, rotatable: false, setWindowRect: true, strictFileInteractability: false, timeouts: {implicit: 0, pageLoad: 300000, script: 30000}, unhandledPromptBehavior: dismiss and notify}
Session ID: 1aa8d286-9473-4f4c-b0c6-14d08ccdd1eb
*** Element info: {Using=xpath, value=.//span[@class = 'ng-binding ng-scope' and contains(text(), 'Legal problems') ]}
at sun.reflect.NativeConstructorAccessorImpl.newInstance0(Native Method)
at sun.reflect.NativeConstructorAccessorImpl.newInstance(NativeConstructorAccessorImpl.java:62)
at sun.reflect.DelegatingConstructorAccessorImpl.newInstance(DelegatingConstructorAccessorImpl.java:45)
at java.lang.reflect.Constructor.newInstance(Constructor.java:423)
at org.openqa.selenium.remote.http.W3CHttpResponseCodec.createException(W3CHttpResponseCodec.java:187)
at org.openqa.selenium.remote.http.W3CHttpResponseCodec.decode(W3CHttpResponseCodec.java:122)
at org.openqa.selenium.remote.http.W3CHttpResponseCodec.decode(W3CHttpResponseCodec.java:49)
at org.openqa.selenium.remote.HttpCommandExecutor.execute(HttpCommandExecutor.java:158)
at org.openqa.selenium.remote.service.DriverCommandExecutor.execute(DriverCommandExecutor.java:83)
at org.openqa.selenium.remote.RemoteWebDriver.execute(RemoteWebDriver.java:552)
at org.openqa.selenium.remote.RemoteWebDriver.findElement(RemoteWebDriver.java:323)
at org.openqa.selenium.remote.RemoteWebDriver.findElementByXPath(RemoteWebDriver.java:428)
at org.openqa.selenium.By$ByXPath.findElement(By.java:353)
at org.openqa.selenium.remote.RemoteWebDriver.findElement(RemoteWebDriver.java:315)
at com.consumercredits.dod.TestNG_DoDTestSuite.successSearch(TestNG_DoDTestSuite.java:178)
at sun.reflect.NativeMethodAccessorImpl.invoke0(Native Method)
at sun.reflect.NativeMethodAccessorImpl.invoke(NativeMethodAccessorImpl.java:62)
at sun.reflect.DelegatingMethodAccessorImpl.invoke(DelegatingMethodAccessorImpl.java:43)
at java.lang.reflect.Method.invoke(Method.java:498)
at org.testng.internal.MethodInvocationHelper.invokeMethod(MethodInvocationHelper.java:124)
at org.testng.internal.Invoker.invokeMethod(Invoker.java:583)
at org.testng.internal.Invoker.invokeTestMethod(Invoker.java:719)
at org.testng.internal.Invoker.invokeTestMethods(Invoker.java:989)
at org.testng.internal.TestMethodWorker.invokeTestMethods(TestMethodWorker.java:125)
at org.testng.internal.TestMethodWorker.run(TestMethodWorker.java:109)
at org.testng.TestRunner.privateRun(TestRunner.java:648)
at org.testng.TestRunner.run(TestRunner.java:505)
at org.testng.SuiteRunner.runTest(SuiteRunner.java:455)
at org.testng.SuiteRunner.runSequentially(SuiteRunner.java:450)
at org.testng.SuiteRunner.privateRun(SuiteRunner.java:415)
at org.testng.SuiteRunner.run(SuiteRunner.java:364)
at org.testng.SuiteRunnerWorker.runSuite(SuiteRunnerWorker.java:52)
at org.testng.SuiteRunnerWorker.run(SuiteRunnerWorker.java:84)
at org.testng.TestNG.runSuitesSequentially(TestNG.java:1208)
at org.testng.TestNG.runSuitesLocally(TestNG.java:1137)
at org.testng.TestNG.runSuites(TestNG.java:1049)
at org.testng.TestNG.run(TestNG.java:1017)
at org.apache.maven.surefire.testng.TestNGExecutor.run(TestNGExecutor.java:77)
at org.apache.maven.surefire.testng.TestNGDirectoryTestSuite.execute(TestNGDirectoryTestSuite.java:110)
at org.apache.maven.surefire.testng.TestNGProvider.invoke(TestNGProvider.java:106)
at sun.reflect.NativeMethodAccessorImpl.invoke0(Native Method)
at sun.reflect.NativeMethodAccessorImpl.invoke(NativeMethodAccessorImpl.java:62)
at sun.reflect.DelegatingMethodAccessorImpl.invoke(DelegatingMethodAccessorImpl.java:43)
at java.lang.reflect.Method.invoke(Method.java:498)
at org.apache.maven.surefire.util.ReflectionUtils.invokeMethodWithArray(ReflectionUtils.java:189)
at org.apache.maven.surefire.booter.ProviderFactory$ProviderProxy.invoke(ProviderFactory.java:165)
at org.apache.maven.surefire.booter.ProviderFactory.invokeProvider(ProviderFactory.java:85)
at org.apache.maven.surefire.booter.ForkedBooter.runSuitesInProcess(ForkedBooter.java:115)
at org.apache.maven.surefire.booter.ForkedBooter.main(ForkedBooter.java:75)
]]>
            </full-stacktrace>
          </exception> <!-- org.openqa.selenium.NoSuchElementException -->
          <reporter-output>
          </reporter-output>
        </test-method> <!-- successSearch -->
        <test-method status="PASS" signature="tearDown(org.testng.ITestResult)[pri:0, instance:com.consumercredits.dod.TestNG_DoDTestSuite@26ba2a48]" name="tearDown" is-config="true" duration-ms="1057" started-at="2019-09-14T20:55:50Z" finished-at="2019-09-14T20:55:51Z">
          <params>
            <param index="0">
              <value>
                <![CDATA[[TestResult name=successSearch status=FAILURE method=TestNG_DoDTestSuite.successSearch()[pri:2, instance:com.consumercredits.dod.TestNG_DoDTestSuite@26ba2a48] output={null}]]]>
              </value>
            </param>
          </params>
          <reporter-output>
          </reporter-output>
        </test-method> <!-- tearDown -->
        <test-method status="PASS" signature="beforeMethod()[pri:0, instance:com.consumercredits.dod.TestNG_DoDTestSuite@26ba2a48]" name="beforeMethod" is-config="true" duration-ms="16" started-at="2019-09-14T20:55:51Z" finished-at="2019-09-14T20:55:51Z">
          <reporter-output>
          </reporter-output>
        </test-method> <!-- beforeMethod -->
        <test-method status="PASS" signature="accountGroupVerification(java.lang.String, java.lang.String)[pri:3, instance:com.consumercredits.dod.TestNG_DoDTestSuite@26ba2a48]" name="accountGroupVerification" duration-ms="3392" started-at="2019-09-14T20:55:51Z" data-provider="TestData" finished-at="2019-09-14T20:55:55Z">
          <params>
            <param index="0">
              <value>
                <![CDATA[101192592]]>
              </value>
            </param>
            <param index="1">
              <value>
                <![CDATA[CSPL]]>
              </value>
            </param>
          </params>
          <reporter-output>
          </reporter-output>
        </test-method> <!-- accountGroupVerification -->
        <test-method status="PASS" signature="tearDown(org.testng.ITestResult)[pri:0, instance:com.consumercredits.dod.TestNG_DoDTestSuite@26ba2a48]" name="tearDown" is-config="true" duration-ms="1073" started-at="2019-09-14T20:55:55Z" finished-at="2019-09-14T20:55:56Z">
          <params>
            <param index="0">
              <value>
                <![CDATA[[TestResult name=accountGroupVerification status=SUCCESS method=TestNG_DoDTestSuite.accountGroupVerification(java.lang.String, java.lang.String)[pri:3, instance:com.consumercredits.dod.TestNG_DoDTestSuite@26ba2a48] output={null}]]]>
              </value>
            </param>
          </params>
          <reporter-output>
          </reporter-output>
        </test-method> <!-- tearDown -->
        <test-method status="PASS" signature="beforeMethod()[pri:0, instance:com.consumercredits.dod.TestNG_DoDTestSuite@26ba2a48]" name="beforeMethod" is-config="true" duration-ms="13" started-at="2019-09-14T20:55:56Z" finished-at="2019-09-14T20:55:56Z">
          <reporter-output>
          </reporter-output>
        </test-method> <!-- beforeMethod -->
        <test-method status="PASS" signature="accountGroupVerification(java.lang.String, java.lang.String)[pri:3, instance:com.consumercredits.dod.TestNG_DoDTestSuite@26ba2a48]" name="accountGroupVerification" duration-ms="3294" started-at="2019-09-14T20:55:56Z" data-provider="TestData" finished-at="2019-09-14T20:55:59Z">
          <params>
            <param index="0">
              <value>
                <![CDATA[107362252]]>
              </value>
            </param>
            <param index="1">
              <value>
                <![CDATA[CRPL]]>
              </value>
            </param>
          </params>
          <reporter-output>
          </reporter-output>
        </test-method> <!-- accountGroupVerification -->
        <test-method status="PASS" signature="tearDown(org.testng.ITestResult)[pri:0, instance:com.consumercredits.dod.TestNG_DoDTestSuite@26ba2a48]" name="tearDown" is-config="true" duration-ms="1069" started-at="2019-09-14T20:55:59Z" finished-at="2019-09-14T20:56:00Z">
          <params>
            <param index="0">
              <value>
                <![CDATA[[TestResult name=accountGroupVerification status=SUCCESS method=TestNG_DoDTestSuite.accountGroupVerification(java.lang.String, java.lang.String)[pri:3, instance:com.consumercredits.dod.TestNG_DoDTestSuite@26ba2a48] output={null}]]]>
              </value>
            </param>
          </params>
          <reporter-output>
          </reporter-output>
        </test-method> <!-- tearDown -->
        <test-method status="PASS" signature="beforeMethod()[pri:0, instance:com.consumercredits.dod.TestNG_DoDTestSuite@26ba2a48]" name="beforeMethod" is-config="true" duration-ms="14" started-at="2019-09-14T20:56:00Z" finished-at="2019-09-14T20:56:00Z">
          <reporter-output>
          </reporter-output>
        </test-method> <!-- beforeMethod -->
        <test-method status="PASS" signature="accountGroupVerification(java.lang.String, java.lang.String)[pri:3, instance:com.consumercredits.dod.TestNG_DoDTestSuite@26ba2a48]" name="accountGroupVerification" duration-ms="3267" started-at="2019-09-14T20:56:00Z" data-provider="TestData" finished-at="2019-09-14T20:56:03Z">
          <params>
            <param index="0">
              <value>
                <![CDATA[490969917]]>
              </value>
            </param>
            <param index="1">
              <value>
                <![CDATA[CCPL]]>
              </value>
            </param>
          </params>
          <reporter-output>
          </reporter-output>
        </test-method> <!-- accountGroupVerification -->
        <test-method status="PASS" signature="tearDown(org.testng.ITestResult)[pri:0, instance:com.consumercredits.dod.TestNG_DoDTestSuite@26ba2a48]" name="tearDown" is-config="true" duration-ms="1057" started-at="2019-09-14T20:56:03Z" finished-at="2019-09-14T20:56:04Z">
          <params>
            <param index="0">
              <value>
                <![CDATA[[TestResult name=accountGroupVerification status=SUCCESS method=TestNG_DoDTestSuite.accountGroupVerification(java.lang.String, java.lang.String)[pri:3, instance:com.consumercredits.dod.TestNG_DoDTestSuite@26ba2a48] output={null}]]]>
              </value>
            </param>
          </params>
          <reporter-output>
          </reporter-output>
        </test-method> <!-- tearDown -->
        <test-method status="PASS" signature="beforeMethod()[pri:0, instance:com.consumercredits.dod.TestNG_DoDTestSuite@26ba2a48]" name="beforeMethod" is-config="true" duration-ms="13" started-at="2019-09-14T20:56:04Z" finished-at="2019-09-14T20:56:04Z">
          <reporter-output>
          </reporter-output>
        </test-method> <!-- beforeMethod -->
        <test-method status="PASS" signature="accountGroupVerification(java.lang.String, java.lang.String)[pri:3, instance:com.consumercredits.dod.TestNG_DoDTestSuite@26ba2a48]" name="accountGroupVerification" duration-ms="3185" started-at="2019-09-14T20:56:04Z" data-provider="TestData" finished-at="2019-09-14T20:56:08Z">
          <params>
            <param index="0">
              <value>
                <![CDATA[213319101]]>
              </value>
            </param>
            <param index="1">
              <value>
                <![CDATA[CRCPL]]>
              </value>
            </param>
          </params>
          <reporter-output>
          </reporter-output>
        </test-method> <!-- accountGroupVerification -->
        <test-method status="PASS" signature="tearDown(org.testng.ITestResult)[pri:0, instance:com.consumercredits.dod.TestNG_DoDTestSuite@26ba2a48]" name="tearDown" is-config="true" duration-ms="1056" started-at="2019-09-14T20:56:08Z" finished-at="2019-09-14T20:56:09Z">
          <params>
            <param index="0">
              <value>
                <![CDATA[[TestResult name=accountGroupVerification status=SUCCESS method=TestNG_DoDTestSuite.accountGroupVerification(java.lang.String, java.lang.String)[pri:3, instance:com.consumercredits.dod.TestNG_DoDTestSuite@26ba2a48] output={null}]]]>
              </value>
            </param>
          </params>
          <reporter-output>
          </reporter-output>
        </test-method> <!-- tearDown -->
        <test-method status="PASS" signature="beforeMethod()[pri:0, instance:com.consumercredits.dod.TestNG_DoDTestSuite@26ba2a48]" name="beforeMethod" is-config="true" duration-ms="652" started-at="2019-09-14T20:56:09Z" finished-at="2019-09-14T20:56:09Z">
          <reporter-output>
          </reporter-output>
        </test-method> <!-- beforeMethod -->
        <test-method status="PASS" signature="accountGroupVerification(java.lang.String, java.lang.String)[pri:3, instance:com.consumercredits.dod.TestNG_DoDTestSuite@26ba2a48]" name="accountGroupVerification" duration-ms="3519" started-at="2019-09-14T20:56:09Z" data-provider="TestData" finished-at="2019-09-14T20:56:13Z">
          <params>
            <param index="0">
              <value>
                <![CDATA[213116782]]>
              </value>
            </param>
            <param index="1">
              <value>
                <![CDATA[CRCNPL]]>
              </value>
            </param>
          </params>
          <reporter-output>
          </reporter-output>
        </test-method> <!-- accountGroupVerification -->
        <test-method status="PASS" signature="tearDown(org.testng.ITestResult)[pri:0, instance:com.consumercredits.dod.TestNG_DoDTestSuite@26ba2a48]" name="tearDown" is-config="true" duration-ms="1066" started-at="2019-09-14T20:56:13Z" finished-at="2019-09-14T20:56:14Z">
          <params>
            <param index="0">
              <value>
                <![CDATA[[TestResult name=accountGroupVerification status=SUCCESS method=TestNG_DoDTestSuite.accountGroupVerification(java.lang.String, java.lang.String)[pri:3, instance:com.consumercredits.dod.TestNG_DoDTestSuite@26ba2a48] output={null}]]]>
              </value>
            </param>
          </params>
          <reporter-output>
          </reporter-output>
        </test-method> <!-- tearDown -->
        <test-method status="PASS" signature="beforeMethod()[pri:0, instance:com.consumercredits.dod.TestNG_DoDTestSuite@26ba2a48]" name="beforeMethod" is-config="true" duration-ms="12" started-at="2019-09-14T20:56:14Z" finished-at="2019-09-14T20:56:14Z">
          <reporter-output>
          </reporter-output>
        </test-method> <!-- beforeMethod -->
        <test-method status="PASS" signature="accountGroupVerification(java.lang.String, java.lang.String)[pri:3, instance:com.consumercredits.dod.TestNG_DoDTestSuite@26ba2a48]" name="accountGroupVerification" duration-ms="3318" started-at="2019-09-14T20:56:14Z" data-provider="TestData" finished-at="2019-09-14T20:56:17Z">
          <params>
            <param index="0">
              <value>
                <![CDATA[213101882]]>
              </value>
            </param>
            <param index="1">
              <value>
                <![CDATA[CCNPL]]>
              </value>
            </param>
          </params>
          <reporter-output>
          </reporter-output>
        </test-method> <!-- accountGroupVerification -->
        <test-method status="PASS" signature="tearDown(org.testng.ITestResult)[pri:0, instance:com.consumercredits.dod.TestNG_DoDTestSuite@26ba2a48]" name="tearDown" is-config="true" duration-ms="1055" started-at="2019-09-14T20:56:17Z" finished-at="2019-09-14T20:56:18Z">
          <params>
            <param index="0">
              <value>
                <![CDATA[[TestResult name=accountGroupVerification status=SUCCESS method=TestNG_DoDTestSuite.accountGroupVerification(java.lang.String, java.lang.String)[pri:3, instance:com.consumercredits.dod.TestNG_DoDTestSuite@26ba2a48] output={null}]]]>
              </value>
            </param>
          </params>
          <reporter-output>
          </reporter-output>
        </test-method> <!-- tearDown -->
        <test-method status="PASS" signature="beforeMethod()[pri:0, instance:com.consumercredits.dod.TestNG_DoDTestSuite@26ba2a48]" name="beforeMethod" is-config="true" duration-ms="36" started-at="2019-09-14T20:56:18Z" finished-at="2019-09-14T20:56:18Z">
          <reporter-output>
          </reporter-output>
        </test-method> <!-- beforeMethod -->
        <test-method status="PASS" signature="accountGroupVerification(java.lang.String, java.lang.String)[pri:3, instance:com.consumercredits.dod.TestNG_DoDTestSuite@26ba2a48]" name="accountGroupVerification" duration-ms="3767" started-at="2019-09-14T20:56:18Z" data-provider="TestData" finished-at="2019-09-14T20:56:22Z">
          <params>
            <param index="0">
              <value>
                <![CDATA[12345888]]>
              </value>
            </param>
            <param index="1">
              <value>
                <![CDATA[ALFAM]]>
              </value>
            </param>
          </params>
          <reporter-output>
          </reporter-output>
        </test-method> <!-- accountGroupVerification -->
        <test-method status="PASS" signature="tearDown(org.testng.ITestResult)[pri:0, instance:com.consumercredits.dod.TestNG_DoDTestSuite@26ba2a48]" name="tearDown" is-config="true" duration-ms="1046" started-at="2019-09-14T20:56:22Z" finished-at="2019-09-14T20:56:23Z">
          <params>
            <param index="0">
              <value>
                <![CDATA[[TestResult name=accountGroupVerification status=SUCCESS method=TestNG_DoDTestSuite.accountGroupVerification(java.lang.String, java.lang.String)[pri:3, instance:com.consumercredits.dod.TestNG_DoDTestSuite@26ba2a48] output={null}]]]>
              </value>
            </param>
          </params>
          <reporter-output>
          </reporter-output>
        </test-method> <!-- tearDown -->
        <test-method status="PASS" signature="afterTest()[pri:0, instance:com.consumercredits.dod.TestNG_DoDTestSuite@26ba2a48]" name="afterTest" is-config="true" duration-ms="1396" started-at="2019-09-14T20:56:23Z" finished-at="2019-09-14T20:56:25Z">
          <reporter-output>
          </reporter-output>
        </test-method> <!-- afterTest -->
      </class> <!-- com.consumercredits.dod.TestNG_DoDTestSuite -->
    </test> <!-- Command line test -->
  </suite> <!-- com.consumercredits.dod.TestNG_DoDTestSuite -->
</testng-results>
